<?xml version="1.0" encoding="UTF-8"?>
<testng-results ignored="0" total="1" passed="1" failed="0" skipped="0">
  <reporter-output>
  </reporter-output>
  <suite started-at="2021-07-19T09:21:25 COT" name="Default suite" finished-at="2021-07-19T09:24:38 COT" duration-ms="193035">
    <groups>
    </groups>
    <test started-at="2021-07-19T09:21:25 COT" name="Default test" finished-at="2021-07-19T09:24:38 COT" duration-ms="193035">
      <class name="test.TestAvianca">
        <test-method is-config="true" signature="before()[pri:0, instance:test.TestAvianca@5db6b9cd]" started-at="2021-07-19T09:21:26 COT" name="before" finished-at="2021-07-19T09:21:37 COT" duration-ms="10998" status="PASS">
          <reporter-output>
          </reporter-output>
        </test-method> <!-- before -->
        <test-method signature="test()[pri:0, instance:test.TestAvianca@5db6b9cd]" started-at="2021-07-19T09:21:37 COT" name="test" finished-at="2021-07-19T09:24:34 COT" duration-ms="177492" status="PASS">
          <reporter-output>
          </reporter-output>
        </test-method> <!-- test -->
        <test-method is-config="true" signature="after()[pri:0, instance:test.TestAvianca@5db6b9cd]" started-at="2021-07-19T09:24:34 COT" name="after" finished-at="2021-07-19T09:24:38 COT" duration-ms="4392" status="PASS">
          <reporter-output>
          </reporter-output>
        </test-method> <!-- after -->
      </class> <!-- test.TestAvianca -->
    </test> <!-- Default test -->
  </suite> <!-- Default suite -->
</testng-results>
